Determining if the pthread_create exist failed with the following output:
Change Dir: /home/workspace/udacity-course/gazeboBasics/build/CMakeFiles/CMakeTmp

Run Build Command:"/usr/bin/make" "cmTC_fbf8d/fast"
/usr/bin/make -f CMakeFiles/cmTC_fbf8d.dir/build.make CMakeFiles/cmTC_fbf8d.dir/build
make[1]: Entering directory '/home/workspace/udacity-course/gazeboBasics/build/CMakeFiles/CMakeTmp'
Building C object CMakeFiles/cmTC_fbf8d.dir/CheckSymbolExists.c.o
/usr/bin/cc     -o CMakeFiles/cmTC_fbf8d.dir/CheckSymbolExists.c.o   -c /home/workspace/udacity-course/gazeboBasics/build/CMakeFiles/CMakeTmp/CheckSymbolExists.c
Linking C executable cmTC_fbf8d
/usr/bin/cmake -E cmake_link_script CMakeFiles/cmTC_fbf8d.dir/link.txt --verbose=1
/usr/bin/cc       CMakeFiles/cmTC_fbf8d.dir/CheckSymbolExists.c.o  -o cmTC_fbf8d -rdynamic 
CMakeFiles/cmTC_fbf8d.dir/CheckSymbolExists.c.o: In function `main':
CheckSymbolExists.c:(.text+0x16): undefined reference to `pthread_create'
collect2: error: ld returned 1 exit status
CMakeFiles/cmTC_fbf8d.dir/build.make:97: recipe for target 'cmTC_fbf8d' failed
make[1]: *** [cmTC_fbf8d] Error 1
make[1]: Leaving directory '/home/workspace/udacity-course/gazeboBasics/build/CMakeFiles/CMakeTmp'
Makefile:126: recipe for target 'cmTC_fbf8d/fast' failed
make: *** [cmTC_fbf8d/fast] Error 2

File /home/workspace/udacity-course/gazeboBasics/build/CMakeFiles/CMakeTmp/CheckSymbolExists.c:
/* */
#include <pthread.h>

int main(int argc, char** argv)
{
  (void)argv;
#ifndef pthread_create
  return ((int*)(&pthread_create))[argc];
#else
  (void)argc;
  return 0;
#endif
}

Determining if the function pthread_create exists in the pthreads failed with the following output:
Change Dir: /home/workspace/udacity-course/gazeboBasics/build/CMakeFiles/CMakeTmp

Run Build Command:"/usr/bin/make" "cmTC_474ee/fast"
/usr/bin/make -f CMakeFiles/cmTC_474ee.dir/build.make CMakeFiles/cmTC_474ee.dir/build
make[1]: Entering directory '/home/workspace/udacity-course/gazeboBasics/build/CMakeFiles/CMakeTmp'
Building C object CMakeFiles/cmTC_474ee.dir/CheckFunctionExists.c.o
/usr/bin/cc    -DCHECK_FUNCTION_EXISTS=pthread_create   -o CMakeFiles/cmTC_474ee.dir/CheckFunctionExists.c.o   -c /usr/share/cmake-3.5/Modules/CheckFunctionExists.c
Linking C executable cmTC_474ee
/usr/bin/cmake -E cmake_link_script CMakeFiles/cmTC_474ee.dir/link.txt --verbose=1
/usr/bin/cc   -DCHECK_FUNCTION_EXISTS=pthread_create    CMakeFiles/cmTC_474ee.dir/CheckFunctionExists.c.o  -o cmTC_474ee -rdynamic -lpthreads 
/usr/bin/ld: cannot find -lpthreads
collect2: error: ld returned 1 exit status
CMakeFiles/cmTC_474ee.dir/build.make:97: recipe for target 'cmTC_474ee' failed
make[1]: *** [cmTC_474ee] Error 1
make[1]: Leaving directory '/home/workspace/udacity-course/gazeboBasics/build/CMakeFiles/CMakeTmp'
Makefile:126: recipe for target 'cmTC_474ee/fast' failed
make: *** [cmTC_474ee/fast] Error 2


